  AirportManagerUtils.c
C:\Users\Shahar\source\repos\SysProgAirPott2020B\SysProgAirPott2020B\AirportManagerUtils.c(53,19): warning C4013: 'printPortDetails' undefined; assuming extern returning int
  Program.c
C:\Users\Shahar\source\repos\SysProgAirPott2020B\SysProgAirPott2020B\Program.c(9,1): warning C4305: 'initializing': truncation from 'double' to 'float'
C:\Users\Shahar\source\repos\SysProgAirPott2020B\SysProgAirPott2020B\Program.c(10,1): warning C4305: 'initializing': truncation from 'double' to 'float'
  airPortUtils.c
C:\Users\Shahar\source\repos\SysProgAirPott2020B\SysProgAirPott2020B\airPortUtils.c(12,12): warning C4013: 'strlen' undefined; assuming extern returning int
C:\Users\Shahar\source\repos\SysProgAirPott2020B\SysProgAirPott2020B\airPortUtils.c(30,31): warning C4013: 'malloc' undefined; assuming extern returning int
C:\Users\Shahar\source\repos\SysProgAirPott2020B\SysProgAirPott2020B\airPortUtils.c(54,33): warning C4028: formal parameter 1 different from declaration
C:\Users\Shahar\source\repos\SysProgAirPott2020B\SysProgAirPott2020B\airPortUtils.c(54,51): warning C4028: formal parameter 2 different from declaration
C:\Users\Shahar\source\repos\SysProgAirPott2020B\SysProgAirPott2020B\airPortUtils.c(56,12): warning C4013: 'strcmp' undefined; assuming extern returning int
C:\Users\Shahar\source\repos\SysProgAirPott2020B\SysProgAirPott2020B\airPortUtils.c(61,51): warning C4028: formal parameter 2 different from declaration
C:\Users\Shahar\source\repos\SysProgAirPott2020B\SysProgAirPott2020B\airPortUtils.c(76,6): warning C4013: 'sin' undefined; assuming extern returning int
C:\Users\Shahar\source\repos\SysProgAirPott2020B\SysProgAirPott2020B\airPortUtils.c(77,6): warning C4013: 'cos' undefined; assuming extern returning int
C:\Users\Shahar\source\repos\SysProgAirPott2020B\SysProgAirPott2020B\airPortUtils.c(79,21): warning C4013: 'atan2' undefined; assuming extern returning int
C:\Users\Shahar\source\repos\SysProgAirPott2020B\SysProgAirPott2020B\airPortUtils.c(79,26): warning C4013: 'sqrt' undefined; assuming extern returning int
C:\Users\Shahar\source\repos\SysProgAirPott2020B\SysProgAirPott2020B\airPortUtils.c(75,1): warning C4244: 'initializing': conversion from 'int' to 'float', possible loss of data
C:\Users\Shahar\source\repos\SysProgAirPott2020B\SysProgAirPott2020B\airPortUtils.c(79,1): warning C4244: 'initializing': conversion from 'int' to 'float', possible loss of data
C:\Users\Shahar\source\repos\SysProgAirPott2020B\SysProgAirPott2020B\airPortUtils.c(86,27): warning C4244: 'return': conversion from 'double' to 'float', possible loss of data
  airlineUtils.c
C:\Users\Shahar\source\repos\SysProgAirPott2020B\SysProgAirPott2020B\airlineUtils.c(29,27): warning C4013: 'enlargeFlightsArray' undefined; assuming extern returning int
C:\Users\Shahar\source\repos\SysProgAirPott2020B\SysProgAirPott2020B\airlineUtils.c(30,43): warning C4090: '=': different 'const' qualifiers
  flightUtils.c
C:\Users\Shahar\source\repos\SysProgAirPott2020B\SysProgAirPott2020B\flightUtils.c(11,1): warning C4244: 'initializing': conversion from 'float' to 'int', possible loss of data
C:\Users\Shahar\source\repos\SysProgAirPott2020B\SysProgAirPott2020B\flightUtils.c(19,13): warning C4013: 'strcmp' undefined; assuming extern returning int
C:\Users\Shahar\source\repos\SysProgAirPott2020B\SysProgAirPott2020B\flightUtils.c(27,1): warning C4047: 'initializing': 'Flight *' differs in levels of indirection from 'Flight **'
C:\Users\Shahar\source\repos\SysProgAirPott2020B\SysProgAirPott2020B\flightUtils.c(66,40): warning C4133: '=': incompatible types - from 'Airport *' to 'Flight *'
  stringUtils.c
C:\Users\Shahar\source\repos\SysProgAirPott2020B\SysProgAirPott2020B\stringUtils.c(15,6): warning C4013: 'gets' undefined; assuming extern returning int
  Generating Code...
C:\Users\Shahar\source\repos\SysProgAirPott2020B\SysProgAirPott2020B\flightUtils.c(69): warning C4715: 'createNewFlight': not all control paths return a value
C:\Users\Shahar\source\repos\SysProgAirPott2020B\SysProgAirPott2020B\flightUtils.c(15): warning C4716: 'CalcfligthTime': must return a value
C:\Users\Shahar\source\repos\SysProgAirPott2020B\SysProgAirPott2020B\airlineUtils.c(31): warning C4715: 'addFlightToAirLine': not all control paths return a value
  SysProgAirPott2020B.vcxproj -> C:\Users\Shahar\source\repos\SysProgAirPott2020B\Debug\SysProgAirPott2020B.exe
